INFO:  latexindent version 3.23.5, 2024-01-01, a script to indent .tex files
       latexindent lives here: /usr/local/texlive/2023/texmf-dist/scripts/latexindent/
       Wed Mar 13 00:36:33 2024
       Filename: /home/andel/Projetos/Latex/[TCC] Andevaldo Vitório/parte2_textuais/__latexindent_temp_cap3_modelagem.tex
INFO:  Processing switches:
       -y|--yaml: YAML settings specified via command line
       -c|--cruft: cruft directory
INFO:  Directory for backup files and /home/andel/Projetos/Latex/[TCC] Andevaldo Vitório//indent.log:
       /home/andel/Projetos/Latex/[TCC] Andevaldo Vitório/
INFO:  YAML settings read: defaultSettings.yaml
       Reading defaultSettings.yaml from /usr/local/texlive/2023/texmf-dist/scripts/latexindent/defaultSettings.yaml
INFO:  YAML reading settings
       Home directory is /home/andel
       latexindent.pl didn't find indentconfig.yaml or .indentconfig.yaml
       see all possible locations: https://latexindentpl.readthedocs.io/en/latest/sec-appendices.html#indentconfig-options)
INFO:  YAML settings read: -y switch
       YAML setting: defaultIndent:'  '
       single-quoted string found in -y switch: '  ', substitute to   
       Updating mainSettings with defaultIndent:   
INFO:  Phase 1: searching for objects
INFO:  Phase 2: finding surrounding indentation
INFO:  Phase 3: indenting objects
INFO:  Phase 4: final indentation check
INFO:  Output routine:
       Not outputting to file; see -w and -o switches for more options.
       --------------
INFO:  Please direct all communication/issues to:
        https://github.com/cmhughes/latexindent.pl
